<?xml version="1.0" encoding="UTF-8"?>
<!-- Generated by org.testng.reporters.JUnitReportReporter -->
<testsuite hostname="DESKTOP-62P709O" failures="0" tests="1" name="testCases.TC002_LoginTestcase" time="2.294" errors="0" timestamp="2024-10-08T17:22:50 IST" skipped="0">
  <testcase classname="testCases.TC002_LoginTestcase" name="Login" time="2.294"/>
</testsuite> <!-- testCases.TC002_LoginTestcase -->
