<?xml version="1.0" encoding="UTF-8"?>
<!-- Generated by org.testng.reporters.JUnitReportReporter -->
<testsuite hostname="DESKTOP-62P709O" failures="0" tests="1" name="testCases.TC001_AccountRegistartionTest" time="4.529" errors="0" timestamp="2024-10-08T17:22:50 IST" skipped="0">
  <testcase classname="testCases.TC001_AccountRegistartionTest" name="Verify_Account_Registration" time="4.529"/>
</testsuite> <!-- testCases.TC001_AccountRegistartionTest -->
